\BOOKMARK [1][-]{section.1}{Abstract}{}% 1
\BOOKMARK [1][-]{section.2}{Background}{}% 2
\BOOKMARK [1][-]{section.3}{Methods}{}% 3
\BOOKMARK [2][-]{subsection.3.1}{Population dynamics}{section.3}% 4
\BOOKMARK [2][-]{subsection.3.2}{Spatial dynamics}{section.3}% 5
\BOOKMARK [2][-]{subsection.3.3}{Evolutionary dynamics}{section.3}% 6
\BOOKMARK [2][-]{subsection.3.4}{Simulated scenarios}{section.3}% 7
\BOOKMARK [3][-]{subsubsection.3.4.1}{The evolution of dispersal during spread}{subsection.3.4}% 8
\BOOKMARK [3][-]{subsubsection.3.4.2}{The effectiveness of barriers to core vs frontal genotypes}{subsection.3.4}% 9
\BOOKMARK [3][-]{subsubsection.3.4.3}{The effect of rapid evolution once the barrier is reached}{subsection.3.4}% 10
\BOOKMARK [3][-]{subsubsection.3.4.4}{The effect of a genetic backburn}{subsection.3.4}% 11
\BOOKMARK [1][-]{section.4}{Results}{}% 12
\BOOKMARK [2][-]{subsection.4.1}{Evolution during spread}{section.4}% 13
\BOOKMARK [2][-]{subsection.4.2}{The effectiveness of barriers to core vs frontal genotypes}{section.4}% 14
\BOOKMARK [2][-]{subsection.4.3}{The effect of rapid evolution once the barrier is reached}{section.4}% 15
\BOOKMARK [2][-]{subsection.4.4}{The effect of a genetic backburn}{section.4}% 16
\BOOKMARK [1][-]{section.5}{Discussion}{}% 17
\BOOKMARK [1][-]{section.6}{Data accessibility}{}% 18
\BOOKMARK [1][-]{section.7}{Competing interests}{}% 19
\BOOKMARK [1][-]{section.8}{Author contributions}{}% 20
\BOOKMARK [1][-]{section.9}{Acknowledgements}{}% 21
